<?xml version="1.0" encoding="UTF-8"?>
<coverage generated="1652472301852" clover="3.2.0">
  <project timestamp="1652472301852" name="All files">
    <metrics statements="18" coveredstatements="17" conditionals="4" coveredconditionals="3" methods="7" coveredmethods="6" elements="29" coveredelements="26" complexity="0" loc="18" ncloc="18" packages="2" files="4" classes="4"/>
    <package name="atoms">
      <metrics statements="6" coveredstatements="6" conditionals="2" coveredconditionals="1" methods="2" coveredmethods="2"/>
      <file name="Button.vue" path="/home/josemorista/Documents/Dev/vue/job-search/src/components/atoms/Button.vue">
        <metrics statements="4" coveredstatements="4" conditionals="2" coveredconditionals="1" methods="2" coveredmethods="2"/>
        <line num="10" count="2" type="stmt"/>
        <line num="12" count="2" type="stmt"/>
        <line num="21" count="10" type="stmt"/>
        <line num="27" count="4" type="cond" truecount="1" falsecount="1"/>
      </file>
      <file name="ProfilePicture.vue" path="/home/josemorista/Documents/Dev/vue/job-search/src/components/atoms/ProfilePicture.vue">
        <metrics statements="2" coveredstatements="2" conditionals="0" coveredconditionals="0" methods="0" coveredmethods="0"/>
        <line num="6" count="1" type="stmt"/>
        <line num="8" count="1" type="stmt"/>
      </file>
    </package>
    <package name="organisms">
      <metrics statements="12" coveredstatements="11" conditionals="2" coveredconditionals="2" methods="5" coveredmethods="4"/>
      <file name="NavBar.vue" path="/home/josemorista/Documents/Dev/vue/job-search/src/components/organisms/NavBar.vue">
        <metrics statements="9" coveredstatements="8" conditionals="2" coveredconditionals="2" methods="4" coveredmethods="3"/>
        <line num="23" count="1" type="stmt"/>
        <line num="24" count="1" type="stmt"/>
        <line num="25" count="1" type="stmt"/>
        <line num="26" count="1" type="stmt"/>
        <line num="29" count="1" type="stmt"/>
        <line num="32" count="4" type="stmt"/>
        <line num="61" count="1" type="stmt"/>
        <line num="64" count="0" type="stmt"/>
        <line num="74" count="5" type="cond" truecount="2" falsecount="0"/>
      </file>
      <file name="SubNav.vue" path="/home/josemorista/Documents/Dev/vue/job-search/src/components/organisms/SubNav.vue">
        <metrics statements="3" coveredstatements="3" conditionals="0" coveredconditionals="0" methods="1" coveredmethods="1"/>
        <line num="19" count="2" type="stmt"/>
        <line num="21" count="2" type="stmt"/>
        <line num="24" count="1" type="stmt"/>
      </file>
    </package>
  </project>
</coverage>
