<?xml version="1.0" encoding="UTF-8"?>
<coverage generated="1652711581487" clover="3.2.0">
  <project timestamp="1652711581487" name="All files">
    <metrics statements="37" coveredstatements="34" conditionals="4" coveredconditionals="3" methods="19" coveredmethods="16" elements="60" coveredelements="53" complexity="0" loc="37" ncloc="37" packages="3" files="6" classes="6"/>
    <package name="components.atoms">
      <metrics statements="6" coveredstatements="6" conditionals="2" coveredconditionals="1" methods="2" coveredmethods="2"/>
      <file name="Button.vue" path="/home/josemorista/Documents/Dev/vue/job-search/src/components/atoms/Button.vue">
        <metrics statements="4" coveredstatements="4" conditionals="2" coveredconditionals="1" methods="2" coveredmethods="2"/>
        <line num="10" count="2" type="stmt"/>
        <line num="12" count="2" type="stmt"/>
        <line num="21" count="10" type="stmt"/>
        <line num="27" count="4" type="cond" truecount="1" falsecount="1"/>
      </file>
      <file name="ProfilePicture.vue" path="/home/josemorista/Documents/Dev/vue/job-search/src/components/atoms/ProfilePicture.vue">
        <metrics statements="2" coveredstatements="2" conditionals="0" coveredconditionals="0" methods="0" coveredmethods="0"/>
        <line num="6" count="1" type="stmt"/>
        <line num="8" count="1" type="stmt"/>
      </file>
    </package>
    <package name="components.organisms">
      <metrics statements="28" coveredstatements="25" conditionals="2" coveredconditionals="2" methods="16" coveredmethods="13"/>
      <file name="Hero.vue" path="/home/josemorista/Documents/Dev/vue/job-search/src/components/organisms/Hero.vue">
        <metrics statements="16" coveredstatements="14" conditionals="0" coveredconditionals="0" methods="11" coveredmethods="9"/>
        <line num="19" count="1" type="stmt"/>
        <line num="20" count="1" type="stmt"/>
        <line num="21" count="1" type="stmt"/>
        <line num="24" count="1" type="stmt"/>
        <line num="33" count="1" type="stmt"/>
        <line num="34" count="1" type="stmt"/>
        <line num="35" count="1" type="stmt"/>
        <line num="36" count="1" type="stmt"/>
        <line num="43" count="1" type="stmt"/>
        <line num="46" count="1" type="stmt"/>
        <line num="49" count="1" type="stmt"/>
        <line num="52" count="1" type="stmt"/>
        <line num="55" count="1" type="stmt"/>
        <line num="58" count="1" type="stmt"/>
        <line num="61" count="0" type="stmt"/>
        <line num="64" count="0" type="stmt"/>
      </file>
      <file name="NavBar.vue" path="/home/josemorista/Documents/Dev/vue/job-search/src/components/organisms/NavBar.vue">
        <metrics statements="9" coveredstatements="8" conditionals="2" coveredconditionals="2" methods="4" coveredmethods="3"/>
        <line num="23" count="1" type="stmt"/>
        <line num="24" count="1" type="stmt"/>
        <line num="25" count="1" type="stmt"/>
        <line num="26" count="1" type="stmt"/>
        <line num="29" count="1" type="stmt"/>
        <line num="32" count="4" type="stmt"/>
        <line num="61" count="1" type="stmt"/>
        <line num="64" count="0" type="stmt"/>
        <line num="74" count="5" type="cond" truecount="2" falsecount="0"/>
      </file>
      <file name="SubNav.vue" path="/home/josemorista/Documents/Dev/vue/job-search/src/components/organisms/SubNav.vue">
        <metrics statements="3" coveredstatements="3" conditionals="0" coveredconditionals="0" methods="1" coveredmethods="1"/>
        <line num="19" count="2" type="stmt"/>
        <line num="21" count="2" type="stmt"/>
        <line num="24" count="1" type="stmt"/>
      </file>
    </package>
    <package name="domain.shared.utils">
      <metrics statements="3" coveredstatements="3" conditionals="0" coveredconditionals="0" methods="1" coveredmethods="1"/>
      <file name="Array.ts" path="/home/josemorista/Documents/Dev/vue/job-search/src/domain/shared/utils/Array.ts">
        <metrics statements="3" coveredstatements="3" conditionals="0" coveredconditionals="0" methods="1" coveredmethods="1"/>
        <line num="1" count="2" type="stmt"/>
        <line num="3" count="3" type="stmt"/>
        <line num="4" count="3" type="stmt"/>
      </file>
    </package>
  </project>
</coverage>
