{"/home/josemorista/Documents/Dev/vue/job-search/src/components/atoms/Button.vue": {"path":"/home/josemorista/Documents/Dev/vue/job-search/src/components/atoms/Button.vue","statementMap":{"0":{"start":{"line":10,"column":0},"end":{"line":10,"column":null}},"1":{"start":{"line":12,"column":0},"end":{"line":12,"column":15}},"2":{"start":{"line":27,"column":3},"end":{"line":27,"column":10}}},"fnMap":{"0":{"name":"(anonymous_0)","decl":{"start":{"line":26,"column":17},"end":{"line":26,"column":null}},"loc":{"start":{"line":26,"column":17},"end":{"line":28,"column":null}}}},"branchMap":{"0":{"loc":{"start":{"line":27,"column":10},"end":{"line":27,"column":null}},"type":"binary-expr","locations":[{"start":{"line":27,"column":10},"end":{"line":27,"column":26}},{"start":{"line":27,"column":26},"end":{"line":27,"column":null}}]}},"s":{"0":2,"1":2,"2":4},"f":{"0":4},"b":{"0":[4,0]}}
,"/home/josemorista/Documents/Dev/vue/job-search/src/components/atoms/ProfilePicture.vue": {"path":"/home/josemorista/Documents/Dev/vue/job-search/src/components/atoms/ProfilePicture.vue","statementMap":{"0":{"start":{"line":6,"column":0},"end":{"line":6,"column":null}},"1":{"start":{"line":8,"column":0},"end":{"line":8,"column":15}}},"fnMap":{},"branchMap":{},"s":{"0":1,"1":1},"f":{},"b":{}}
,"/home/josemorista/Documents/Dev/vue/job-search/src/components/organisms/NavBar.vue": {"path":"/home/josemorista/Documents/Dev/vue/job-search/src/components/organisms/NavBar.vue","statementMap":{"0":{"start":{"line":24,"column":0},"end":{"line":24,"column":null}},"1":{"start":{"line":25,"column":0},"end":{"line":25,"column":null}},"2":{"start":{"line":26,"column":0},"end":{"line":26,"column":null}},"3":{"start":{"line":27,"column":0},"end":{"line":27,"column":null}},"4":{"start":{"line":30,"column":0},"end":{"line":30,"column":15}},"5":{"start":{"line":33,"column":4},"end":{"line":33,"column":11}},"6":{"start":{"line":62,"column":6},"end":{"line":62,"column":11}},"7":{"start":{"line":65,"column":6},"end":{"line":65,"column":11}}},"fnMap":{"0":{"name":"(anonymous_1)","decl":{"start":{"line":32,"column":6},"end":{"line":32,"column":null}},"loc":{"start":{"line":32,"column":6},"end":{"line":59,"column":null}}},"1":{"name":"(anonymous_2)","decl":{"start":{"line":61,"column":9},"end":{"line":61,"column":null}},"loc":{"start":{"line":61,"column":9},"end":{"line":63,"column":null}}},"2":{"name":"(anonymous_3)","decl":{"start":{"line":64,"column":10},"end":{"line":64,"column":null}},"loc":{"start":{"line":64,"column":10},"end":{"line":66,"column":null}}}},"branchMap":{},"s":{"0":1,"1":1,"2":1,"3":1,"4":1,"5":4,"6":1,"7":0},"f":{"0":4,"1":1,"2":0},"b":{}}
,"/home/josemorista/Documents/Dev/vue/job-search/src/components/organisms/SubNav.vue": {"path":"/home/josemorista/Documents/Dev/vue/job-search/src/components/organisms/SubNav.vue","statementMap":{"0":{"start":{"line":19,"column":0},"end":{"line":19,"column":null}},"1":{"start":{"line":21,"column":0},"end":{"line":21,"column":15}},"2":{"start":{"line":24,"column":2},"end":{"line":24,"column":9}}},"fnMap":{"0":{"name":"(anonymous_0)","decl":{"start":{"line":23,"column":5},"end":{"line":23,"column":null}},"loc":{"start":{"line":23,"column":5},"end":{"line":27,"column":null}}}},"branchMap":{},"s":{"0":2,"1":2,"2":1},"f":{"0":1},"b":{}}
}
