TN:
SF:src/components/atoms/Button.vue
FN:20,(anonymous_0)
FN:26,(anonymous_1)
FNF:2
FNH:2
FNDA:10,(anonymous_0)
FNDA:4,(anonymous_1)
DA:10,2
DA:12,2
DA:21,10
DA:27,4
LF:4
LH:4
BRDA:27,0,0,4
BRDA:27,0,1,0
BRF:2
BRH:1
end_of_record
TN:
SF:src/components/atoms/ProfilePicture.vue
FNF:0
FNH:0
DA:6,1
DA:8,1
LF:2
LH:2
BRF:0
BRH:0
end_of_record
TN:
SF:src/components/organisms/NavBar.vue
FN:31,(anonymous_1)
FN:60,(anonymous_2)
FN:63,(anonymous_3)
FN:73,(anonymous_4)
FNF:4
FNH:3
FNDA:4,(anonymous_1)
FNDA:1,(anonymous_2)
FNDA:0,(anonymous_3)
FNDA:5,(anonymous_4)
DA:23,1
DA:24,1
DA:25,1
DA:26,1
DA:29,1
DA:32,4
DA:61,1
DA:64,0
DA:74,5
LF:9
LH:8
BRDA:74,0,0,1
BRDA:74,0,1,4
BRF:2
BRH:2
end_of_record
TN:
SF:src/components/organisms/SubNav.vue
FN:23,(anonymous_0)
FNF:1
FNH:1
FNDA:1,(anonymous_0)
DA:19,2
DA:21,2
DA:24,1
LF:3
LH:3
BRF:0
BRH:0
end_of_record
TN:
SF:src/domain/shared/utils/Array.ts
FN:2,(anonymous_0)
FNF:1
FNH:1
FNDA:2,(anonymous_0)
DA:1,1
DA:3,2
DA:4,2
LF:3
LH:3
BRF:0
BRH:0
end_of_record
