TN:
SF:src/components/atoms/Button.vue
FN:26,(anonymous_0)
FNF:1
FNH:1
FNDA:4,(anonymous_0)
DA:10,2
DA:12,2
DA:27,4
LF:3
LH:3
BRDA:27,0,0,4
BRDA:27,0,1,0
BRF:2
BRH:1
end_of_record
TN:
SF:src/components/atoms/ProfilePicture.vue
FNF:0
FNH:0
DA:6,1
DA:8,1
LF:2
LH:2
BRF:0
BRH:0
end_of_record
TN:
SF:src/components/organisms/NavBar.vue
FN:32,(anonymous_1)
FN:61,(anonymous_2)
FN:64,(anonymous_3)
FNF:3
FNH:2
FNDA:4,(anonymous_1)
FNDA:1,(anonymous_2)
FNDA:0,(anonymous_3)
DA:24,1
DA:25,1
DA:26,1
DA:27,1
DA:30,1
DA:33,4
DA:62,1
DA:65,0
LF:8
LH:7
BRF:0
BRH:0
end_of_record
TN:
SF:src/components/organisms/SubNav.vue
FN:23,(anonymous_0)
FNF:1
FNH:1
FNDA:1,(anonymous_0)
DA:19,2
DA:21,2
DA:24,1
LF:3
LH:3
BRF:0
BRH:0
end_of_record
